0 info it worked if it ends with ok
1 verbose cli [ 'node', '/usr/local/bin/npm', 'install', 'less' ]
2 info using npm@1.4.28
3 info using node@v0.10.37
4 verbose cache add [ 'less', null ]
5 verbose cache add name=undefined spec="less" args=["less",null]
6 verbose parsed url { protocol: null,
6 verbose parsed url   slashes: null,
6 verbose parsed url   auth: null,
6 verbose parsed url   host: null,
6 verbose parsed url   port: null,
6 verbose parsed url   hostname: null,
6 verbose parsed url   hash: null,
6 verbose parsed url   search: null,
6 verbose parsed url   query: null,
6 verbose parsed url   pathname: 'less',
6 verbose parsed url   path: 'less',
6 verbose parsed url   href: 'less' }
7 silly lockFile 0b439cf4-less less
8 verbose lock less /Users/vicman/.npm/0b439cf4-less.lock
9 silly lockFile 0b439cf4-less less
10 silly lockFile 0b439cf4-less less
11 verbose addNamed [ 'less', '' ]
12 verbose addNamed [ null, '*' ]
13 silly lockFile e13833ab-less less@
14 verbose lock less@ /Users/vicman/.npm/e13833ab-less.lock
15 silly addNameRange { name: 'less', range: '*', hasData: false }
16 verbose request where is /less
17 verbose request registry https://registry.npmjs.org/
18 verbose request id fecbc8fd128f4fce
19 verbose url raw /less
20 verbose url resolving [ 'https://registry.npmjs.org/', './less' ]
21 verbose url resolved https://registry.npmjs.org/less
22 verbose request where is https://registry.npmjs.org/less
23 info trying registry request attempt 1 at 18:54:50
24 verbose etag "4PVDGZBUF7VVPCEEPTBN5F5IV"
25 http GET https://registry.npmjs.org/less
26 http 200 https://registry.npmjs.org/less
27 silly registry.get cb [ 200,
27 silly registry.get   { server: 'CouchDB/1.5.0 (Erlang OTP/R16B03)',
27 silly registry.get     etag: '"90FXOS33R66C76Y17NW4GP5D5"',
27 silly registry.get     'content-type': 'application/json',
27 silly registry.get     'cache-control': 'max-age=300',
27 silly registry.get     'content-length': '104205',
27 silly registry.get     'accept-ranges': 'bytes',
27 silly registry.get     date: 'Tue, 08 Mar 2016 23:54:51 GMT',
27 silly registry.get     via: '1.1 varnish',
27 silly registry.get     age: '272',
27 silly registry.get     connection: 'keep-alive',
27 silly registry.get     'x-served-by': 'cache-jfk1051-JFK',
27 silly registry.get     'x-cache': 'HIT',
27 silly registry.get     'x-cache-hits': '1',
27 silly registry.get     'x-timer': 'S1457481291.627016,VS0,VE0',
27 silly registry.get     vary: 'Accept' } ]
28 silly addNameRange number 2 { name: 'less', range: '*', hasData: true }
29 silly addNameRange versions [ 'less',
29 silly addNameRange   [ '1.0.10',
29 silly addNameRange     '1.0.11',
29 silly addNameRange     '1.0.14',
29 silly addNameRange     '1.0.18',
29 silly addNameRange     '1.0.19',
29 silly addNameRange     '1.0.21',
29 silly addNameRange     '1.0.32',
29 silly addNameRange     '1.0.36',
29 silly addNameRange     '1.0.5',
29 silly addNameRange     '1.0.40',
29 silly addNameRange     '1.0.41',
29 silly addNameRange     '1.0.44',
29 silly addNameRange     '1.1.0',
29 silly addNameRange     '1.1.1',
29 silly addNameRange     '1.1.2',
29 silly addNameRange     '1.1.4',
29 silly addNameRange     '1.1.5',
29 silly addNameRange     '1.1.6',
29 silly addNameRange     '1.2.0',
29 silly addNameRange     '1.2.1',
29 silly addNameRange     '1.2.2',
29 silly addNameRange     '1.3.0',
29 silly addNameRange     '1.3.1',
29 silly addNameRange     '1.3.2',
29 silly addNameRange     '1.3.3',
29 silly addNameRange     '1.4.0-b1',
29 silly addNameRange     '1.4.0-b2',
29 silly addNameRange     '1.4.0-b3',
29 silly addNameRange     '1.4.0-b4',
29 silly addNameRange     '1.4.0',
29 silly addNameRange     '1.4.1',
29 silly addNameRange     '1.4.2',
29 silly addNameRange     '1.5.0-b1',
29 silly addNameRange     '1.5.0-b2',
29 silly addNameRange     '1.5.0-b3',
29 silly addNameRange     '1.5.0-b4',
29 silly addNameRange     '1.5.0',
29 silly addNameRange     '1.5.1',
29 silly addNameRange     '1.6.0',
29 silly addNameRange     '1.6.1',
29 silly addNameRange     '1.6.2',
29 silly addNameRange     '1.6.3',
29 silly addNameRange     '1.7.0',
29 silly addNameRange     '1.7.1',
29 silly addNameRange     '1.7.3',
29 silly addNameRange     '1.7.4',
29 silly addNameRange     '1.7.5',
29 silly addNameRange     '2.0.0-b1',
29 silly addNameRange     '2.0.0-b2',
29 silly addNameRange     '2.0.0-b3',
29 silly addNameRange     '2.0.0',
29 silly addNameRange     '2.1.0',
29 silly addNameRange     '2.1.1',
29 silly addNameRange     '2.1.2',
29 silly addNameRange     '2.2.0',
29 silly addNameRange     '2.3.0',
29 silly addNameRange     '2.3.1',
29 silly addNameRange     '2.4.0',
29 silly addNameRange     '2.5.0',
29 silly addNameRange     '2.5.1',
29 silly addNameRange     '2.5.2',
29 silly addNameRange     '2.5.3',
29 silly addNameRange     '2.6.0',
29 silly addNameRange     '2.6.1' ] ]
30 verbose addNamed [ 'less', '2.6.1' ]
31 verbose addNamed [ '2.6.1', '2.6.1' ]
32 silly lockFile 06e2534e-less-2-6-1 less@2.6.1
33 verbose lock less@2.6.1 /Users/vicman/.npm/06e2534e-less-2-6-1.lock
34 silly lockFile 5095d0b3-ry-npmjs-org-less-less-2-6-1-tgz https://registry.npmjs.org/less/-/less-2.6.1.tgz
35 verbose lock https://registry.npmjs.org/less/-/less-2.6.1.tgz /Users/vicman/.npm/5095d0b3-ry-npmjs-org-less-less-2-6-1-tgz.lock
36 verbose addRemoteTarball [ 'https://registry.npmjs.org/less/-/less-2.6.1.tgz',
36 verbose addRemoteTarball   '658e01ec9ac3149959c6b6dfbcfbc0a170afda7a' ]
37 info retry fetch attempt 1 at 18:54:51
38 verbose fetch to= /var/folders/c_/2xbvj1kx79q4k1dx50pgr1lc0000gn/T/npm-2533-JR73OxBd/registry.npmjs.org/less/-/less-2.6.1.tgz
39 http GET https://registry.npmjs.org/less/-/less-2.6.1.tgz
40 http 200 https://registry.npmjs.org/less/-/less-2.6.1.tgz
41 silly lockFile 5095d0b3-ry-npmjs-org-less-less-2-6-1-tgz https://registry.npmjs.org/less/-/less-2.6.1.tgz
42 silly lockFile 5095d0b3-ry-npmjs-org-less-less-2-6-1-tgz https://registry.npmjs.org/less/-/less-2.6.1.tgz
43 silly lockFile 06e2534e-less-2-6-1 less@2.6.1
44 silly lockFile 06e2534e-less-2-6-1 less@2.6.1
45 silly lockFile e13833ab-less less@
46 silly lockFile e13833ab-less less@
47 error Error: EACCES, mkdir '/Users/vicman/.npm/less/2.6.1'
47 error  { [Error: EACCES, mkdir '/Users/vicman/.npm/less/2.6.1']
47 error   errno: 3,
47 error   code: 'EACCES',
47 error   path: '/Users/vicman/.npm/less/2.6.1' }
48 error Please try running this command again as root/Administrator.
49 error System Darwin 15.0.0
50 error command "node" "/usr/local/bin/npm" "install" "less"
51 error cwd /Users/vicman/UdeM/2016-1/repo
52 error node -v v0.10.37
53 error npm -v 1.4.28
54 error path /Users/vicman/.npm/less/2.6.1
55 error code EACCES
56 error errno 3
57 error stack Error: EACCES, mkdir '/Users/vicman/.npm/less/2.6.1'
58 verbose exit [ 3, true ]
